This is pdfTeX, Version 3.1415926-2.5-1.40.14 (MiKTeX 2.9) (preloaded format=pdflatex 2014.2.17)  3 MAR 2014 12:55
entering extended mode
**C:/cygwin64/home/reynolds-gregg/graphics/pgf/e/e.tex
(C:/cygwin64/home/reynolds-gregg/graphics/pgf/e/e.tex
LaTeX2e <2011/06/27>
Babel <v3.8m> and hyphenation patterns for english, afrikaans, ancientgreek, ar
abic, armenian, assamese, basque, bengali, bokmal, bulgarian, catalan, coptic, 
croatian, czech, danish, dutch, esperanto, estonian, farsi, finnish, french, ga
lician, german, german-x-2013-05-26, greek, gujarati, hindi, hungarian, iceland
ic, indonesian, interlingua, irish, italian, kannada, kurmanji, latin, latvian,
 lithuanian, malayalam, marathi, mongolian, mongolianlmc, monogreek, ngerman, n
german-x-2013-05-26, nynorsk, oriya, panjabi, pinyin, polish, portuguese, roman
ian, russian, sanskrit, serbian, slovak, slovenian, spanish, swedish, swissgerm
an, tamil, telugu, turkish, turkmen, ukenglish, ukrainian, uppersorbian, usengl
ishmax, welsh, loaded.
("C:\Program Files (x86)\MiKTeX 2.9\tex\latex\base\article.cls"
Document Class: article 2007/10/19 v1.4h Standard LaTeX document class
("C:\Program Files (x86)\MiKTeX 2.9\tex\latex\base\size10.clo"
File: size10.clo 2007/10/19 v1.4h Standard LaTeX file (size option)
)
\c@part=\count79
\c@section=\count80
\c@subsection=\count81
\c@subsubsection=\count82
\c@paragraph=\count83
\c@subparagraph=\count84
\c@figure=\count85
\c@table=\count86
\abovecaptionskip=\skip41
\belowcaptionskip=\skip42
\bibindent=\dimen102
)
("C:\Program Files (x86)\MiKTeX 2.9\tex\latex\base\inputenc.sty"
Package: inputenc 2008/03/30 v1.1d Input encoding file
\inpenc@prehook=\toks14
\inpenc@posthook=\toks15

("C:\Program Files (x86)\MiKTeX 2.9\tex\latex\base\latin1.def"
File: latin1.def 2008/03/30 v1.1d Input encoding file
))
("C:\Program Files (x86)\MiKTeX 2.9\tex\latex\amsmath\amsmath.sty"
Package: amsmath 2013/01/14 v2.14 AMS math features
\@mathmargin=\skip43

For additional information on amsmath, use the `?' option.
("C:\Program Files (x86)\MiKTeX 2.9\tex\latex\amsmath\amstext.sty"
Package: amstext 2000/06/29 v2.01

("C:\Program Files (x86)\MiKTeX 2.9\tex\latex\amsmath\amsgen.sty"
File: amsgen.sty 1999/11/30 v2.0
\@emptytoks=\toks16
\ex@=\dimen103
))
("C:\Program Files (x86)\MiKTeX 2.9\tex\latex\amsmath\amsbsy.sty"
Package: amsbsy 1999/11/29 v1.2d
\pmbraise@=\dimen104
)
("C:\Program Files (x86)\MiKTeX 2.9\tex\latex\amsmath\amsopn.sty"
Package: amsopn 1999/12/14 v2.01 operator names
)
\inf@bad=\count87
LaTeX Info: Redefining \frac on input line 210.
\uproot@=\count88
\leftroot@=\count89
LaTeX Info: Redefining \overline on input line 306.
\classnum@=\count90
\DOTSCASE@=\count91
LaTeX Info: Redefining \ldots on input line 378.
LaTeX Info: Redefining \dots on input line 381.
LaTeX Info: Redefining \cdots on input line 466.
\Mathstrutbox@=\box26
\strutbox@=\box27
\big@size=\dimen105
LaTeX Font Info:    Redeclaring font encoding OML on input line 566.
LaTeX Font Info:    Redeclaring font encoding OMS on input line 567.
\macc@depth=\count92
\c@MaxMatrixCols=\count93
\dotsspace@=\muskip10
\c@parentequation=\count94
\dspbrk@lvl=\count95
\tag@help=\toks17
\row@=\count96
\column@=\count97
\maxfields@=\count98
\andhelp@=\toks18
\eqnshift@=\dimen106
\alignsep@=\dimen107
\tagshift@=\dimen108
\tagwidth@=\dimen109
\totwidth@=\dimen110
\lineht@=\dimen111
\@envbody=\toks19
\multlinegap=\skip44
\multlinetaggap=\skip45
\mathdisplay@stack=\toks20
LaTeX Info: Redefining \[ on input line 2665.
LaTeX Info: Redefining \] on input line 2666.
)
(C:\Users\reynolds-gregg\AppData\Roaming\MiKTeX\2.9\tex\latex\rotating\rotating
.sty
Package: rotating 2009/03/28 v2.16a rotated objects in LaTeX
 ("C:\Program Files (x86)\MiKTeX 2.9\tex\latex\graphics\graphicx.sty"
Package: graphicx 1999/02/16 v1.0f Enhanced LaTeX Graphics (DPC,SPQR)

("C:\Program Files (x86)\MiKTeX 2.9\tex\latex\graphics\keyval.sty"
Package: keyval 1999/03/16 v1.13 key=value parser (DPC)
\KV@toks@=\toks21
)
("C:\Program Files (x86)\MiKTeX 2.9\tex\latex\graphics\graphics.sty"
Package: graphics 2009/02/05 v1.0o Standard LaTeX Graphics (DPC,SPQR)

("C:\Program Files (x86)\MiKTeX 2.9\tex\latex\graphics\trig.sty"
Package: trig 1999/03/16 v1.09 sin cos tan (DPC)
)
("C:\Program Files (x86)\MiKTeX 2.9\tex\latex\00miktex\graphics.cfg"
File: graphics.cfg 2007/01/18 v1.5 graphics configuration of teTeX/TeXLive
)
Package graphics Info: Driver file: pdftex.def on input line 91.

("C:\Program Files (x86)\MiKTeX 2.9\tex\latex\pdftex-def\pdftex.def"
File: pdftex.def 2011/05/27 v0.06d Graphics/color for pdfTeX

("C:\Program Files (x86)\MiKTeX 2.9\tex\generic\oberdiek\infwarerr.sty"
Package: infwarerr 2010/04/08 v1.3 Providing info/warning/error messages (HO)
)
("C:\Program Files (x86)\MiKTeX 2.9\tex\generic\oberdiek\ltxcmds.sty"
Package: ltxcmds 2011/11/09 v1.22 LaTeX kernel commands for general use (HO)
)
\Gread@gobject=\count99
))
\Gin@req@height=\dimen112
\Gin@req@width=\dimen113
)
("C:\Program Files (x86)\MiKTeX 2.9\tex\latex\base\ifthen.sty"
Package: ifthen 2001/05/26 v1.1c Standard LaTeX ifthen package (DPC)
)
\c@r@tfl@t=\count100
\rotFPtop=\skip46
\rotFPbot=\skip47
\rot@float@box=\box28
\rot@mess@toks=\toks22
)
(C:\Users\reynolds-gregg\AppData\Roaming\MiKTeX\2.9\tex\latex\pgf\frontendlayer
\tikz.sty
(C:\Users\reynolds-gregg\AppData\Roaming\MiKTeX\2.9\tex\latex\pgf\basiclayer\pg
f.sty
(C:\Users\reynolds-gregg\AppData\Roaming\MiKTeX\2.9\tex\latex\pgf\utilities\pgf
rcs.sty
(C:\Users\reynolds-gregg\AppData\Roaming\MiKTeX\2.9\tex\generic\pgf\utilities\p
gfutil-common.tex
\pgfutil@everybye=\toks23
)
(C:\Users\reynolds-gregg\AppData\Roaming\MiKTeX\2.9\tex\generic\pgf\utilities\p
gfutil-latex.def
\pgfutil@abb=\box29

(C:\Users\reynolds-gregg\AppData\Roaming\MiKTeX\2.9\tex\latex\ms\everyshi.sty
Package: everyshi 2001/05/15 v3.00 EveryShipout Package (MS)
))
(C:\Users\reynolds-gregg\AppData\Roaming\MiKTeX\2.9\tex\generic\pgf\utilities\p
gfrcs.code.tex
Package: pgfrcs 2010/10/25 v2.10 (rcs-revision 1.24)
))
Package: pgf 2008/01/15 v2.10 (rcs-revision 1.12)

(C:\Users\reynolds-gregg\AppData\Roaming\MiKTeX\2.9\tex\latex\pgf\basiclayer\pg
fcore.sty
(C:\Users\reynolds-gregg\AppData\Roaming\MiKTeX\2.9\tex\latex\pgf\systemlayer\p
gfsys.sty
(C:\Users\reynolds-gregg\AppData\Roaming\MiKTeX\2.9\tex\generic\pgf\systemlayer
\pgfsys.code.tex
Package: pgfsys 2010/06/30 v2.10 (rcs-revision 1.37)

(C:\Users\reynolds-gregg\AppData\Roaming\MiKTeX\2.9\tex\generic\pgf\utilities\p
gfkeys.code.tex
\pgfkeys@pathtoks=\toks24
\pgfkeys@temptoks=\toks25

(C:\Users\reynolds-gregg\AppData\Roaming\MiKTeX\2.9\tex\generic\pgf\utilities\p
gfkeysfiltered.code.tex
\pgfkeys@tmptoks=\toks26
))
\pgf@x=\dimen114
\pgf@y=\dimen115
\pgf@xa=\dimen116
\pgf@ya=\dimen117
\pgf@xb=\dimen118
\pgf@yb=\dimen119
\pgf@xc=\dimen120
\pgf@yc=\dimen121
\w@pgf@writea=\write3
\r@pgf@reada=\read1
\c@pgf@counta=\count101
\c@pgf@countb=\count102
\c@pgf@countc=\count103
\c@pgf@countd=\count104

(C:\Users\reynolds-gregg\AppData\Roaming\MiKTeX\2.9\tex\generic\pgf\systemlayer
\pgf.cfg
File: pgf.cfg 2008/05/14  (rcs-revision 1.7)
)
Package pgfsys Info: Driver file for pgf: pgfsys-pdftex.def on input line 900.

(C:\Users\reynolds-gregg\AppData\Roaming\MiKTeX\2.9\tex\generic\pgf\systemlayer
\pgfsys-pdftex.def
File: pgfsys-pdftex.def 2009/05/22  (rcs-revision 1.26)

(C:\Users\reynolds-gregg\AppData\Roaming\MiKTeX\2.9\tex\generic\pgf\systemlayer
\pgfsys-common-pdf.def
File: pgfsys-common-pdf.def 2008/05/19  (rcs-revision 1.10)
)))
(C:\Users\reynolds-gregg\AppData\Roaming\MiKTeX\2.9\tex\generic\pgf\systemlayer
\pgfsyssoftpath.code.tex
File: pgfsyssoftpath.code.tex 2008/07/18  (rcs-revision 1.7)
\pgfsyssoftpath@smallbuffer@items=\count105
\pgfsyssoftpath@bigbuffer@items=\count106
)
(C:\Users\reynolds-gregg\AppData\Roaming\MiKTeX\2.9\tex\generic\pgf\systemlayer
\pgfsysprotocol.code.tex
File: pgfsysprotocol.code.tex 2006/10/16  (rcs-revision 1.4)
))
(C:\Users\reynolds-gregg\AppData\Roaming\MiKTeX\2.9\tex\latex\xcolor\xcolor.sty
Package: xcolor 2007/01/21 v2.11 LaTeX color extensions (UK)
("C:\Program Files (x86)\MiKTeX 2.9\tex\latex\00miktex\color.cfg"
File: color.cfg 2007/01/18 v1.5 color configuration of teTeX/TeXLive
)
Package xcolor Info: Driver file: pdftex.def on input line 225.
Package xcolor Info: Model `cmy' substituted by `cmy0' on input line 1337.
Package xcolor Info: Model `hsb' substituted by `rgb' on input line 1341.
Package xcolor Info: Model `RGB' extended on input line 1353.
Package xcolor Info: Model `HTML' substituted by `rgb' on input line 1355.
Package xcolor Info: Model `Hsb' substituted by `hsb' on input line 1356.
Package xcolor Info: Model `tHsb' substituted by `hsb' on input line 1357.
Package xcolor Info: Model `HSB' substituted by `hsb' on input line 1358.
Package xcolor Info: Model `Gray' substituted by `gray' on input line 1359.
Package xcolor Info: Model `wave' substituted by `hsb' on input line 1360.
)
(C:\Users\reynolds-gregg\AppData\Roaming\MiKTeX\2.9\tex\generic\pgf\basiclayer\
pgfcore.code.tex
Package: pgfcore 2010/04/11 v2.10 (rcs-revision 1.7)

(C:\Users\reynolds-gregg\AppData\Roaming\MiKTeX\2.9\tex\generic\pgf\math\pgfmat
h.code.tex
(C:\Users\reynolds-gregg\AppData\Roaming\MiKTeX\2.9\tex\generic\pgf\math\pgfmat
hcalc.code.tex
(C:\Users\reynolds-gregg\AppData\Roaming\MiKTeX\2.9\tex\generic\pgf\math\pgfmat
hutil.code.tex)
(C:\Users\reynolds-gregg\AppData\Roaming\MiKTeX\2.9\tex\generic\pgf\math\pgfmat
hparser.code.tex
\pgfmath@dimen=\dimen122
\pgfmath@count=\count107
\pgfmath@box=\box30
\pgfmath@toks=\toks27
\pgfmath@stack@operand=\toks28
\pgfmath@stack@operation=\toks29
)
(C:\Users\reynolds-gregg\AppData\Roaming\MiKTeX\2.9\tex\generic\pgf\math\pgfmat
hfunctions.code.tex
(C:\Users\reynolds-gregg\AppData\Roaming\MiKTeX\2.9\tex\generic\pgf\math\pgfmat
hfunctions.basic.code.tex)
(C:\Users\reynolds-gregg\AppData\Roaming\MiKTeX\2.9\tex\generic\pgf\math\pgfmat
hfunctions.trigonometric.code.tex)
(C:\Users\reynolds-gregg\AppData\Roaming\MiKTeX\2.9\tex\generic\pgf\math\pgfmat
hfunctions.random.code.tex)
(C:\Users\reynolds-gregg\AppData\Roaming\MiKTeX\2.9\tex\generic\pgf\math\pgfmat
hfunctions.comparison.code.tex)
(C:\Users\reynolds-gregg\AppData\Roaming\MiKTeX\2.9\tex\generic\pgf\math\pgfmat
hfunctions.base.code.tex)
(C:\Users\reynolds-gregg\AppData\Roaming\MiKTeX\2.9\tex\generic\pgf\math\pgfmat
hfunctions.round.code.tex)
(C:\Users\reynolds-gregg\AppData\Roaming\MiKTeX\2.9\tex\generic\pgf\math\pgfmat
hfunctions.misc.code.tex)))
(C:\Users\reynolds-gregg\AppData\Roaming\MiKTeX\2.9\tex\generic\pgf\math\pgfmat
hfloat.code.tex
\c@pgfmathroundto@lastzeros=\count108
))
(C:\Users\reynolds-gregg\AppData\Roaming\MiKTeX\2.9\tex\generic\pgf\basiclayer\
pgfcorepoints.code.tex
File: pgfcorepoints.code.tex 2010/04/09  (rcs-revision 1.20)
\pgf@picminx=\dimen123
\pgf@picmaxx=\dimen124
\pgf@picminy=\dimen125
\pgf@picmaxy=\dimen126
\pgf@pathminx=\dimen127
\pgf@pathmaxx=\dimen128
\pgf@pathminy=\dimen129
\pgf@pathmaxy=\dimen130
\pgf@xx=\dimen131
\pgf@xy=\dimen132
\pgf@yx=\dimen133
\pgf@yy=\dimen134
\pgf@zx=\dimen135
\pgf@zy=\dimen136
)
(C:\Users\reynolds-gregg\AppData\Roaming\MiKTeX\2.9\tex\generic\pgf\basiclayer\
pgfcorepathconstruct.code.tex
File: pgfcorepathconstruct.code.tex 2010/08/03  (rcs-revision 1.24)
\pgf@path@lastx=\dimen137
\pgf@path@lasty=\dimen138
)
(C:\Users\reynolds-gregg\AppData\Roaming\MiKTeX\2.9\tex\generic\pgf\basiclayer\
pgfcorepathusage.code.tex
File: pgfcorepathusage.code.tex 2008/04/22  (rcs-revision 1.12)
\pgf@shorten@end@additional=\dimen139
\pgf@shorten@start@additional=\dimen140
)
(C:\Users\reynolds-gregg\AppData\Roaming\MiKTeX\2.9\tex\generic\pgf\basiclayer\
pgfcorescopes.code.tex
File: pgfcorescopes.code.tex 2010/09/08  (rcs-revision 1.34)
\pgfpic=\box31
\pgf@hbox=\box32
\pgf@layerbox@main=\box33
\pgf@picture@serial@count=\count109
)
(C:\Users\reynolds-gregg\AppData\Roaming\MiKTeX\2.9\tex\generic\pgf\basiclayer\
pgfcoregraphicstate.code.tex
File: pgfcoregraphicstate.code.tex 2008/04/22  (rcs-revision 1.9)
\pgflinewidth=\dimen141
)
(C:\Users\reynolds-gregg\AppData\Roaming\MiKTeX\2.9\tex\generic\pgf\basiclayer\
pgfcoretransformations.code.tex
File: pgfcoretransformations.code.tex 2009/06/10  (rcs-revision 1.11)
\pgf@pt@x=\dimen142
\pgf@pt@y=\dimen143
\pgf@pt@temp=\dimen144
)
(C:\Users\reynolds-gregg\AppData\Roaming\MiKTeX\2.9\tex\generic\pgf\basiclayer\
pgfcorequick.code.tex
File: pgfcorequick.code.tex 2008/10/09  (rcs-revision 1.3)
)
(C:\Users\reynolds-gregg\AppData\Roaming\MiKTeX\2.9\tex\generic\pgf\basiclayer\
pgfcoreobjects.code.tex
File: pgfcoreobjects.code.tex 2006/10/11  (rcs-revision 1.2)
)
(C:\Users\reynolds-gregg\AppData\Roaming\MiKTeX\2.9\tex\generic\pgf\basiclayer\
pgfcorepathprocessing.code.tex
File: pgfcorepathprocessing.code.tex 2008/10/09  (rcs-revision 1.8)
)
(C:\Users\reynolds-gregg\AppData\Roaming\MiKTeX\2.9\tex\generic\pgf\basiclayer\
pgfcorearrows.code.tex
File: pgfcorearrows.code.tex 2008/04/23  (rcs-revision 1.11)
)
(C:\Users\reynolds-gregg\AppData\Roaming\MiKTeX\2.9\tex\generic\pgf\basiclayer\
pgfcoreshade.code.tex
File: pgfcoreshade.code.tex 2008/11/23  (rcs-revision 1.13)
\pgf@max=\dimen145
\pgf@sys@shading@range@num=\count110
)
(C:\Users\reynolds-gregg\AppData\Roaming\MiKTeX\2.9\tex\generic\pgf\basiclayer\
pgfcoreimage.code.tex
File: pgfcoreimage.code.tex 2010/03/25  (rcs-revision 1.16)

(C:\Users\reynolds-gregg\AppData\Roaming\MiKTeX\2.9\tex\generic\pgf\basiclayer\
pgfcoreexternal.code.tex
File: pgfcoreexternal.code.tex 2010/09/01  (rcs-revision 1.17)
\pgfexternal@startupbox=\box34
))
(C:\Users\reynolds-gregg\AppData\Roaming\MiKTeX\2.9\tex\generic\pgf\basiclayer\
pgfcorelayers.code.tex
File: pgfcorelayers.code.tex 2010/08/27  (rcs-revision 1.2)
)
(C:\Users\reynolds-gregg\AppData\Roaming\MiKTeX\2.9\tex\generic\pgf\basiclayer\
pgfcoretransparency.code.tex
File: pgfcoretransparency.code.tex 2008/01/17  (rcs-revision 1.2)
)
(C:\Users\reynolds-gregg\AppData\Roaming\MiKTeX\2.9\tex\generic\pgf\basiclayer\
pgfcorepatterns.code.tex
File: pgfcorepatterns.code.tex 2009/07/02  (rcs-revision 1.3)
)))
(C:\Users\reynolds-gregg\AppData\Roaming\MiKTeX\2.9\tex\generic\pgf\modules\pgf
moduleshapes.code.tex
File: pgfmoduleshapes.code.tex 2010/09/09  (rcs-revision 1.13)
\pgfnodeparttextbox=\box35
)
(C:\Users\reynolds-gregg\AppData\Roaming\MiKTeX\2.9\tex\generic\pgf\modules\pgf
moduleplot.code.tex
File: pgfmoduleplot.code.tex 2010/10/22  (rcs-revision 1.8)
)
(C:\Users\reynolds-gregg\AppData\Roaming\MiKTeX\2.9\tex\latex\pgf\compatibility
\pgfcomp-version-0-65.sty
Package: pgfcomp-version-0-65 2007/07/03 v2.10 (rcs-revision 1.7)
\pgf@nodesepstart=\dimen146
\pgf@nodesepend=\dimen147
)
(C:\Users\reynolds-gregg\AppData\Roaming\MiKTeX\2.9\tex\latex\pgf\compatibility
\pgfcomp-version-1-18.sty
Package: pgfcomp-version-1-18 2007/07/23 v2.10 (rcs-revision 1.1)
))
(C:\Users\reynolds-gregg\AppData\Roaming\MiKTeX\2.9\tex\latex\pgf\utilities\pgf
for.sty
(C:\Users\reynolds-gregg\AppData\Roaming\MiKTeX\2.9\tex\latex\pgf\utilities\pgf
keys.sty
(C:\Users\reynolds-gregg\AppData\Roaming\MiKTeX\2.9\tex\generic\pgf\utilities\p
gfkeys.code.tex))
(C:\Users\reynolds-gregg\AppData\Roaming\MiKTeX\2.9\tex\generic\pgf\utilities\p
gffor.code.tex
Package: pgffor 2010/03/23 v2.10 (rcs-revision 1.18)
\pgffor@iter=\dimen148
\pgffor@skip=\dimen149
\pgffor@stack=\toks30
\pgffor@toks=\toks31
))
(C:\Users\reynolds-gregg\AppData\Roaming\MiKTeX\2.9\tex\generic\pgf\frontendlay
er\tikz\tikz.code.tex
Package: tikz 2010/10/13 v2.10 (rcs-revision 1.76)

(C:\Users\reynolds-gregg\AppData\Roaming\MiKTeX\2.9\tex\generic\pgf\libraries\p
gflibraryplothandlers.code.tex
File: pgflibraryplothandlers.code.tex 2010/05/31 v2.10 (rcs-revision 1.15)
\pgf@plot@mark@count=\count111
\pgfplotmarksize=\dimen150
)
\tikz@lastx=\dimen151
\tikz@lasty=\dimen152
\tikz@lastxsaved=\dimen153
\tikz@lastysaved=\dimen154
\tikzleveldistance=\dimen155
\tikzsiblingdistance=\dimen156
\tikz@figbox=\box36
\tikz@tempbox=\box37
\tikztreelevel=\count112
\tikznumberofchildren=\count113
\tikznumberofcurrentchild=\count114
\tikz@fig@count=\count115

(C:\Users\reynolds-gregg\AppData\Roaming\MiKTeX\2.9\tex\generic\pgf\modules\pgf
modulematrix.code.tex
File: pgfmodulematrix.code.tex 2010/08/24  (rcs-revision 1.4)
\pgfmatrixcurrentrow=\count116
\pgfmatrixcurrentcolumn=\count117
\pgf@matrix@numberofcolumns=\count118
)
\tikz@expandcount=\count119

(C:\Users\reynolds-gregg\AppData\Roaming\MiKTeX\2.9\tex\generic\pgf\frontendlay
er\tikz\libraries\tikzlibrarytopaths.code.tex
File: tikzlibrarytopaths.code.tex 2008/06/17 v2.10 (rcs-revision 1.2)
)))
(C:\Users\reynolds-gregg\AppData\Roaming\MiKTeX\2.9\tex\generic\pgf\frontendlay
er\tikz\libraries\tikzlibrarycalc.code.tex
File: tikzlibrarycalc.code.tex 2009/09/04 v2.10 (rcs-revision 1.6)
)
(C:\Users\reynolds-gregg\AppData\Roaming\MiKTeX\2.9\tex\generic\pgf\frontendlay
er\tikz\libraries\tikzlibrarypatterns.code.tex
File: tikzlibrarypatterns.code.tex 2008/01/15 v2.10 (rcs-revision 1.2)

(C:\Users\reynolds-gregg\AppData\Roaming\MiKTeX\2.9\tex\generic\pgf\libraries\p
gflibrarypatterns.code.tex
File: pgflibrarypatterns.code.tex 2008/03/03 v2.10 (rcs-revision 1.13)
))
(C:\Users\reynolds-gregg\AppData\Roaming\MiKTeX\2.9\tex\generic\pgf\frontendlay
er\tikz\libraries\tikzlibraryarrows.code.tex
File: tikzlibraryarrows.code.tex 2008/01/09 v2.10 (rcs-revision 1.1)

(C:\Users\reynolds-gregg\AppData\Roaming\MiKTeX\2.9\tex\generic\pgf\libraries\p
gflibraryarrows.code.tex
File: pgflibraryarrows.code.tex 2008/10/27 v2.10 (rcs-revision 1.9)
\arrowsize=\dimen157
))
(C:\Users\reynolds-gregg\AppData\Roaming\MiKTeX\2.9\tex\generic\pgf\frontendlay
er\tikz\libraries\tikzlibrarydecorations.code.tex
(C:\Users\reynolds-gregg\AppData\Roaming\MiKTeX\2.9\tex\generic\pgf\modules\pgf
moduledecorations.code.tex
\pgfdecoratedcompleteddistance=\dimen158
\pgfdecoratedremainingdistance=\dimen159
\pgfdecoratedinputsegmentcompleteddistance=\dimen160
\pgfdecoratedinputsegmentremainingdistance=\dimen161
\pgf@decorate@distancetomove=\dimen162
\pgf@decorate@repeatstate=\count120
\pgfdecorationsegmentamplitude=\dimen163
\pgfdecorationsegmentlength=\dimen164
)
\tikz@lib@dec@box=\box38
)
(C:\Users\reynolds-gregg\AppData\Roaming\MiKTeX\2.9\tex\generic\pgf\frontendlay
er\tikz\libraries\tikzlibrarydecorations.markings.code.tex
(C:\Users\reynolds-gregg\AppData\Roaming\MiKTeX\2.9\tex\generic\pgf\libraries\d
ecorations\pgflibrarydecorations.markings.code.tex))
(C:\Users\reynolds-gregg\AppData\Roaming\MiKTeX\2.9\tex\latex\tkz-euclide\tkz-e
uclide.sty
Package: tkz-euclide 2011/06/01 1.16 c for plots 2d 

(C:\Users\reynolds-gregg\AppData\Roaming\MiKTeX\2.9\tex\latex\tkz-base\tkz-base
.sty
Package: tkz-base 2011/06/01 1.16 c tkz-base
 ("C:\Program Files (x86)\MiKTeX 2.9\tex\latex\misc\etex.sty"
Package: etex 1998/03/26 v2.0 eTeX basic definition package (PEB)
\et@xins=\count121
)
(C:\Users\reynolds-gregg\AppData\Roaming\MiKTeX\2.9\tex\generic\pgf\frontendlay
er\tikz\libraries\tikzlibraryplotmarks.code.tex
File: tikzlibraryplotmarks.code.tex 2008/01/09 v2.10 (rcs-revision 1.1)

(C:\Users\reynolds-gregg\AppData\Roaming\MiKTeX\2.9\tex\generic\pgf\libraries\p
gflibraryplotmarks.code.tex
File: pgflibraryplotmarks.code.tex 2010/10/15 v2.10 (rcs-revision 1.12)
))
(C:\Users\reynolds-gregg\AppData\Roaming\MiKTeX\2.9\tex\generic\pgf\frontendlay
er\tikz\libraries\tikzlibrarypositioning.code.tex
File: tikzlibrarypositioning.code.tex 2008/10/06 v2.10 (rcs-revision 1.7)
)
(C:\Users\reynolds-gregg\AppData\Roaming\MiKTeX\2.9\tex\generic\pgf\frontendlay
er\tikz\libraries\tikzlibraryshapes.misc.code.tex
File: tikzlibraryshapes.misc.code.tex 2008/01/09 v2.10 (rcs-revision 1.1)

(C:\Users\reynolds-gregg\AppData\Roaming\MiKTeX\2.9\tex\generic\pgf\libraries\s
hapes\pgflibraryshapes.misc.code.tex
File: pgflibraryshapes.misc.code.tex 2008/10/07 v2.10 (rcs-revision 1.3)
))
(C:\Users\reynolds-gregg\AppData\Roaming\MiKTeX\2.9\tex\generic\pgf\frontendlay
er\tikz\libraries\tikzlibrarydecorations.pathreplacing.code.tex
(C:\Users\reynolds-gregg\AppData\Roaming\MiKTeX\2.9\tex\generic\pgf\libraries\d
ecorations\pgflibrarydecorations.pathreplacing.code.tex))
(C:\Users\reynolds-gregg\AppData\Roaming\MiKTeX\2.9\tex\latex\numprint\numprint
.sty
Package: numprint 2012/08/20 v1.39 Print numbers (HH)
 ("C:\Program Files (x86)\MiKTeX 2.9\tex\latex\tools\array.sty"
Package: array 2008/09/09 v2.4c Tabular extension package (FMi)
\col@sep=\dimen165
\extrarowheight=\dimen166
\NC@list=\toks32
\extratabsurround=\skip48
\backup@length=\skip49
)
\c@nprt@mantissa@digitsbefore=\count122
\c@nprt@mantissa@digitsafter=\count123
\c@nprt@exponent@digitsbefore=\count124
\c@nprt@exponent@digitsafter=\count125
\nprt@digitwidth=\skip50
\nprt@sepwidth=\skip51
\nprt@decimalwidth=\skip52
\nprt@blockwidth=\skip53
\nprt@digittoks=\toks33
\nprt@pretoks=\toks34
\nprt@posttoks=\toks35
\nprt@thisdigit=\count126
\nprt@curpos=\count127
\nprt@rndpos=\count128
\c@nprt@digitsfirstblock=\count129
\c@nprt@blockcnt=\count130
\c@nprt@cntprint=\count131

No configuration file `numprint.cfg' found.)
(C:\Users\reynolds-gregg\AppData\Roaming\MiKTeX\2.9\tex\latex\fp\fp.sty
Package: fp 1995/04/02

`Fixed Point Package', Version 0.8, April 2, 1995 (C) Michael Mehlich
(C:\Users\reynolds-gregg\AppData\Roaming\MiKTeX\2.9\tex\latex\fp\defpattern.sty
Package: defpattern 1994/10/12
\actioncount=\count132
) (C:\Users\reynolds-gregg\AppData\Roaming\MiKTeX\2.9\tex\latex\fp\fp-basic.sty
Package: fp-basic 1996/05/13
\FP@xs=\count133
\FP@xia=\count134
\FP@xib=\count135
\FP@xfa=\count136
\FP@xfb=\count137
\FP@rega=\count138
\FP@regb=\count139
\FP@regs=\count140
\FP@times=\count141
)
(C:\Users\reynolds-gregg\AppData\Roaming\MiKTeX\2.9\tex\latex\fp\fp-addons.sty
Package: fp-addons 1995/03/15
) (C:\Users\reynolds-gregg\AppData\Roaming\MiKTeX\2.9\tex\latex\fp\fp-snap.sty
Package: fp-snap 1995/04/05
)
(C:\Users\reynolds-gregg\AppData\Roaming\MiKTeX\2.9\tex\latex\fp\fp-exp.sty
Package: fp-exp 1995/04/03
)
(C:\Users\reynolds-gregg\AppData\Roaming\MiKTeX\2.9\tex\latex\fp\fp-trigo.sty
Package: fp-trigo 1995/04/14
)
(C:\Users\reynolds-gregg\AppData\Roaming\MiKTeX\2.9\tex\latex\fp\fp-pas.sty
Package: fp-pas 1994/08/29
)
(C:\Users\reynolds-gregg\AppData\Roaming\MiKTeX\2.9\tex\latex\fp\fp-random.sty
Package: fp-random 1995/02/23
\FPseed=\count142
) (C:\Users\reynolds-gregg\AppData\Roaming\MiKTeX\2.9\tex\latex\fp\fp-eqn.sty
Package: fp-eqn 1995/04/03
)
(C:\Users\reynolds-gregg\AppData\Roaming\MiKTeX\2.9\tex\latex\fp\fp-upn.sty
Package: fp-upn 1996/10/21
)
(C:\Users\reynolds-gregg\AppData\Roaming\MiKTeX\2.9\tex\latex\fp\fp-eval.sty
Package: fp-eval 1995/04/03
))
\tkzRadius=\dimen167
\tkzLength=\dimen168
\tkz@radi=\dimen169
\tkz@ax=\dimen170
\tkz@ay=\dimen171
\tkz@bx=\dimen172
\tkz@by=\dimen173
\tkz@cx=\dimen174
\tkz@cy=\dimen175
\tkz@dx=\dimen176
\tkz@dy=\dimen177

(C:\Users\reynolds-gregg\AppData\Roaming\MiKTeX\2.9\tex\latex\tkz-base\tkz-tool
s-utilities.tex)
(C:\Users\reynolds-gregg\AppData\Roaming\MiKTeX\2.9\tex\latex\tkz-base\tkz-tool
s-arith.tex
File: tkz-tool-arith.tex tkz-tool-arith 1.161 c
)
(C:\Users\reynolds-gregg\AppData\Roaming\MiKTeX\2.9\tex\latex\tkz-base\tkz-tool
s-base.tex)
(C:\Users\reynolds-gregg\AppData\Roaming\MiKTeX\2.9\tex\latex\tkz-base\tkz-tool
s-misc.tex)
(C:\Users\reynolds-gregg\AppData\Roaming\MiKTeX\2.9\tex\latex\tkz-base\tkz-tool
s-math.tex)
(C:\Users\reynolds-gregg\AppData\Roaming\MiKTeX\2.9\tex\latex\tkz-base\tkz-obj-
points.tex)
(C:\Users\reynolds-gregg\AppData\Roaming\MiKTeX\2.9\tex\latex\tkz-base\tkz-obj-
segments.tex)
(C:\Users\reynolds-gregg\AppData\Roaming\MiKTeX\2.9\tex\latex\tkz-base\tkz-obj-
marks.tex
\tkz@cntmk=\count143
))
(C:\Users\reynolds-gregg\AppData\Roaming\MiKTeX\2.9\tex\latex\tkz-euclide\tkz-t
ools-intersections.tex)
(C:\Users\reynolds-gregg\AppData\Roaming\MiKTeX\2.9\tex\latex\tkz-euclide\tkz-t
ools-transformations.tex)
(C:\Users\reynolds-gregg\AppData\Roaming\MiKTeX\2.9\tex\latex\tkz-euclide\tkz-o
bj-lines.tex)
(C:\Users\reynolds-gregg\AppData\Roaming\MiKTeX\2.9\tex\latex\tkz-euclide\tkz-l
ib-symbols.tex)
(C:\Users\reynolds-gregg\AppData\Roaming\MiKTeX\2.9\tex\latex\tkz-euclide\tkz-o
bj-circles.tex)
(C:\Users\reynolds-gregg\AppData\Roaming\MiKTeX\2.9\tex\latex\tkz-euclide\tkz-o
bj-addpoints.tex))
(C:\Users\reynolds-gregg\AppData\Roaming\MiKTeX\2.9\tex\latex\tkz-euclide\tkz-o
bj-polygons.tex)
(C:\Users\reynolds-gregg\AppData\Roaming\MiKTeX\2.9\tex\latex\tkz-euclide\tkz-o
bj-vectors.tex)
(C:\Users\reynolds-gregg\AppData\Roaming\MiKTeX\2.9\tex\latex\tkz-euclide\tkz-o
bj-arcs.tex)
(C:\Users\reynolds-gregg\AppData\Roaming\MiKTeX\2.9\tex\latex\tkz-euclide\tkz-o
bj-sectors.tex)
(C:\Users\reynolds-gregg\AppData\Roaming\MiKTeX\2.9\tex\latex\tkz-euclide\tkz-o
bj-angles.tex)
(C:\Users\reynolds-gregg\AppData\Roaming\MiKTeX\2.9\tex\latex\tkz-euclide\tkz-o
bj-protractor.tex)
(C:\Users\reynolds-gregg\AppData\Roaming\MiKTeX\2.9\tex\latex\animate\animate.s
ty
Package: animate 2014/02/11 PDF animations from files and inline graphics
 ("C:\Program Files (x86)\MiKTeX 2.9\tex\generic\oberdiek\ifpdf.sty"
Package: ifpdf 2011/01/30 v2.3 Provides the ifpdf switch (HO)
Package ifpdf Info: pdfTeX in PDF mode is detected.
)
("C:\Program Files (x86)\MiKTeX 2.9\tex\generic\oberdiek\ifluatex.sty"
Package: ifluatex 2010/03/01 v1.3 Provides the ifluatex switch (HO)
Package ifluatex Info: LuaTeX not detected.
)
("C:\Program Files (x86)\MiKTeX 2.9\tex\latex\oberdiek\ifdraft.sty"
Package: ifdraft 2008/08/11 v1.3 Detect class options draft and final (HO)
)
("C:\Program Files (x86)\MiKTeX 2.9\tex\latex\tools\calc.sty"
Package: calc 2007/08/22 v4.3 Infix arithmetic (KKT,FJ)
\calc@Acount=\count144
\calc@Bcount=\count145
\calc@Adimen=\dimen178
\calc@Bdimen=\dimen179
\calc@Askip=\skip54
\calc@Bskip=\skip55
LaTeX Info: Redefining \setlength on input line 76.
LaTeX Info: Redefining \addtolength on input line 77.
\calc@Ccount=\count146
\calc@Cskip=\skip56
)
(C:\Users\reynolds-gregg\AppData\Roaming\MiKTeX\2.9\tex\latex\animate\animfp.st
y
Package: animfp 2009/07/23 fixed point addition for animate.sty
\afp@xs=\count147
\afp@xia=\count148
\afp@xib=\count149
\afp@xfa=\count150
\afp@xfb=\count151
\afp@rega=\count152
\afp@regb=\count153
\afp@regs=\count154
)
(C:\Users\reynolds-gregg\AppData\Roaming\MiKTeX\2.9\tex\context\base\supp-pdf.m
kii
[Loading MPS to PDF converter (version 2006.09.02).]
\scratchcounter=\count155
\scratchdimen=\dimen180
\scratchbox=\box39
\nofMPsegments=\count156
\nofMParguments=\count157
\everyMPshowfont=\toks36
\MPscratchCnt=\count158
\MPscratchDim=\dimen181
\MPnumerator=\count159
\makeMPintoPDFobject=\count160
\everyMPtoPDFconversion=\toks37
)
\@anim@box=\box40
\@anim@tmpdima=\dimen182
\@anim@tmpdimb=\dimen183
\@anim@num=\count161
\@anim@curframe=\count162
\@anim@curframe@zb=\count163
\@anim@resize=\count164
\@anim@skipfram=\count165
\@anim@mulframecnt=\count166
\@anim@@tmlnfile=\read2
\@anim@tmpcnt=\count167
\c@@anim@ltxcnt=\count168
\@anim@curlayer=\count169
\@anim@lineno=\count170
\@anim@curfield=\count171
\@anim@begin=\toks38
\@anim@end=\toks39
) ("C:\Program Files (x86)\MiKTeX 2.9\tex\latex\tools\verbatim.sty"
Package: verbatim 2003/08/22 v1.5q LaTeX2e package for verbatim enhancements
\every@verbatim=\toks40
\verbatim@line=\toks41
\verbatim@in@stream=\read3
)
\c@iFrameRate=\count172
\c@iFrames=\count173

(C:\cygwin64\home\reynolds-gregg\graphics\pgf\e\e.aux
No file rectangle.unit.aux.
No file hyperbola.equilateral.aux.
(C:\cygwin64\home\reynolds-gregg\graphics\pgf\e\homothetic.transform.aux)
No file hyperbolic.rotation.aux.
(C:\cygwin64\home\reynolds-gregg\graphics\pgf\e\hyperbolic.rotation.1.aux)
(C:\cygwin64\home\reynolds-gregg\graphics\pgf\e\hyperbolic.rotation.2.aux)
(C:\cygwin64\home\reynolds-gregg\graphics\pgf\e\hyperbolic.rotation.3.aux)
No file hyperbola.sweep.aux.
No file hyperbola.sweep.animated.aux.
No file e.complete.aux.
No file e.sector.aux.
)
LaTeX Font Info:    Checking defaults for OML/cmm/m/it on input line 93.
LaTeX Font Info:    ... okay on input line 93.
LaTeX Font Info:    Checking defaults for T1/cmr/m/n on input line 93.
LaTeX Font Info:    ... okay on input line 93.
LaTeX Font Info:    Checking defaults for OT1/cmr/m/n on input line 93.
LaTeX Font Info:    ... okay on input line 93.
LaTeX Font Info:    Checking defaults for OMS/cmsy/m/n on input line 93.
LaTeX Font Info:    ... okay on input line 93.
LaTeX Font Info:    Checking defaults for OMX/cmex/m/n on input line 93.
LaTeX Font Info:    ... okay on input line 93.
LaTeX Font Info:    Checking defaults for U/cmr/m/n on input line 93.
LaTeX Font Info:    ... okay on input line 93.
 ABD: EveryShipout initializing macros
(C:\cygwin64\home\reynolds-gregg\graphics\pgf\e\hyperbolic.rotation.2.tex 0
Missing character: There is no ; in font nullfont!
Missing character: There is no ; in font nullfont!
{C:/Users/reynolds-gregg/AppData/Local/MiKTeX/2.9/pdftex/config/pdftex.map}
<a0,fr0> 1
Missing character: There is no ; in font nullfont!
Missing character: There is no ; in font nullfont!
 <a0,fr1> 2
Missing character: There is no ; in font nullfont!
Missing character: There is no ; in font nullfont!
 <a0,fr2> 3
Missing character: There is no ; in font nullfont!
Missing character: There is no ; in font nullfont!
 <a0,fr3> 4
Missing character: There is no ; in font nullfont!
Missing character: There is no ; in font nullfont!
 <a0,fr4> 5
Missing character: There is no ; in font nullfont!
Missing character: There is no ; in font nullfont!
 <a0,fr5> 6
Missing character: There is no ; in font nullfont!
Missing character: There is no ; in font nullfont!
 <a0,fr6> 7
Missing character: There is no ; in font nullfont!
Missing character: There is no ; in font nullfont!

<a0,fr7> 8
Missing character: There is no ; in font nullfont!
Missing character: There is no ; in font nullfont!
 <a0,fr8> 9
Missing character: There is no ; in font nullfont!
Missing character: There is no ; in font nullfont!
 <a0,fr9> 10
Missing character: There is no ; in font nullfont!
Missing character: There is no ; in font nullfont!
 <a0,fr10> 11
Missing character: There is no ; in font nullfont!
Missing character: There is no ; in font nullfont!
 <a0,fr11> 12
Missing character: There is no ; in font nullfont!
Missing character: There is no ; in font nullfont!
 <a0,fr12> 13
Missing character: There is no ; in font nullfont!
Missing character: There is no ; in font nullfont!

<a0,fr13> 14
Missing character: There is no ; in font nullfont!
Missing character: There is no ; in font nullfont!
 <a0,fr14> 15
Missing character: There is no ; in font nullfont!
Missing character: There is no ; in font nullfont!
 <a0,fr15> 16
Missing character: There is no ; in font nullfont!
Missing character: There is no ; in font nullfont!
 <a0,fr16> 17
Missing character: There is no ; in font nullfont!
Missing character: There is no ; in font nullfont!
 <a0,fr17> 18
Missing character: There is no ; in font nullfont!
Missing character: There is no ; in font nullfont!
 <a0,fr18> 19
Missing character: There is no ; in font nullfont!
Missing character: There is no ; in font nullfont!

<a0,fr19> 20
Missing character: There is no ; in font nullfont!
Missing character: There is no ; in font nullfont!
 <a0,fr20> 21
Missing character: There is no ; in font nullfont!
Missing character: There is no ; in font nullfont!
 <a0,fr21> 22
Missing character: There is no ; in font nullfont!
Missing character: There is no ; in font nullfont!
 <a0,fr22> 23
Missing character: There is no ; in font nullfont!
Missing character: There is no ; in font nullfont!
 <a0,fr23> 24
Missing character: There is no ; in font nullfont!
Missing character: There is no ; in font nullfont!
 <a0,fr24> 25
Missing character: There is no ; in font nullfont!
Missing character: There is no ; in font nullfont!

<a0,fr25> 26
Missing character: There is no ; in font nullfont!
Missing character: There is no ; in font nullfont!
 <a0,fr26> 27
Missing character: There is no ; in font nullfont!
Missing character: There is no ; in font nullfont!
 <a0,fr27> 28
Missing character: There is no ; in font nullfont!
Missing character: There is no ; in font nullfont!
 <a0,fr28> 29
Missing character: There is no ; in font nullfont!
Missing character: There is no ; in font nullfont!
 <a0,fr29>
\@anim@@fields=\count174

Overfull \hbox (58.00925pt too wide) in paragraph at lines 4--117
[][][][][][][][][][][][][][][][][][][][][][][][][][][][][][][][] 
 []

) [4







] (C:\cygwin64\home\reynolds-gregg\graphics\pgf\e\e.aux
No file rectangle.unit.aux.
No file hyperbola.equilateral.aux.
(C:\cygwin64\home\reynolds-gregg\graphics\pgf\e\homothetic.transform.aux)
No file hyperbolic.rotation.aux.
(C:\cygwin64\home\reynolds-gregg\graphics\pgf\e\hyperbolic.rotation.1.aux)
(C:\cygwin64\home\reynolds-gregg\graphics\pgf\e\hyperbolic.rotation.2.aux)
(C:\cygwin64\home\reynolds-gregg\graphics\pgf\e\hyperbolic.rotation.3.aux)
No file hyperbola.sweep.aux.
No file hyperbola.sweep.animated.aux.
No file e.complete.aux.
No file e.sector.aux.
) ) 
Here is how much of TeX's memory you used:
 24234 strings out of 493921
 486188 string characters out of 3144849
 400065 words of memory out of 3000000
 27140 multiletter control sequences out of 15000+200000
 4094 words of font info for 16 fonts, out of 3000000 for 9000
 841 hyphenation exceptions out of 8191
 56i,8n,59p,456b,789s stack positions out of 5000i,500n,10000p,200000b,50000s
<C:/Program Files (x86)/MiKTeX 2.9/fonts/type1/public/amsfonts/cm/cmmi10.pfb
><C:/Program Files (x86)/MiKTeX 2.9/fonts/type1/public/amsfonts/cm/cmmi7.pfb><C
:/Program Files (x86)/MiKTeX 2.9/fonts/type1/public/amsfonts/cm/cmr10.pfb><C:/P
rogram Files (x86)/MiKTeX 2.9/fonts/type1/public/amsfonts/cm/cmr7.pfb>
Output written on e.pdf (1 page, 200734 bytes).
PDF statistics:
 180 PDF objects out of 1000 (max. 8388607)
 0 named destinations out of 1000 (max. 500000)
 389 words of extra memory for PDF output out of 10000 (max. 10000000)

